********************************************************************************
DUPLICATOR-LITE PACKAGE-LOG: September 4, 2020 10:34 pm
NOTICE: Do NOT post to public sites or forums 
********************************************************************************
VERSION:	1.3.36
WORDPRESS:	5.4.2
PHP INFO:	7.4.2 | SAPI: apache2handler
SERVER:		Apache/2.2.34 (Unix) mod_wsgi/3.5 Python/2.7.13 PHP/7.4.2 mod_ssl/2.2.34 OpenSSL/1.0.2o DAV/2 mod_fastcgi/mod_fastcgi-SNAP-0910052141 mod_perl/2.0.11 Perl/v5.24.0 
PHP TIME LIMIT: (0) no time limit imposed 
PHP MAX MEMORY: 4294967296 (128M default) 
MEMORY STACK: 10MB

********************************************************************************
DATABASE:
********************************************************************************
BUILD MODE:   PHP(query limit - 100)
MYSQLTIMEOUT: 5000
MYSQLDUMP:    Not Supported
TABLES: total:13 | filtered:0 | create:13
FILTERED: []
SQL CREATED: idm250_final_79118cafc933ec969680_20200904223412_database.sql
SQL FILE SIZE: 806.2KB (825545)
SQL FILE TIME: 2020-09-04 22:34:18
SQL RUNTIME: 0.16 sec.

********************************************************************************
ARCHIVE (ZIP):
********************************************************************************
ARCHIVE DIR:  /Users/wynn/Documents/GitHub/idm250-wmo26 5.24.06 PM/public
ARCHIVE FILE: idm250_final_79118cafc933ec969680_20200904223412_archive.zip
FILTERS: *OFF*
DIRS:
	not set
FILES:
	not set
EXTS:  not set
----------------------------------------
COMPRESSING
SIZE:	89.01MB
STATS:	Dirs 315 | Files 2,621
SQL ADDED: idm250_final_79118cafc933ec969680_20200904223412_database.sql
ZipArchive Object
(
    [status] => 0
    [statusSys] => 0
    [numFiles] => 2936
    [filename] => /Users/wynn/Documents/GitHub/idm250-wmo26 5.24.06 PM/public/wp-content/backups-dup-lite/tmp/idm250_final_79118cafc933ec969680_20200904223412_archive.zip
    [comment] => 
)

FILE ADDED TO ZIP: 2935
COMPRESSION RESULT: '1'
COMPRESSED SIZE: 46.6MB
ARCHIVE RUNTIME: 19.40 sec.
MEMORY STACK: 12MB
building installer
add_extra_files1
add_extra_files2
add_extra_files3
add_extra_files4
Doing archive file check
add_extra_files5
add_extra_files6
add_extra_files8
Successfully opened zip /Users/wynn/Documents/GitHub/idm250-wmo26 5.24.06 PM/public/wp-content/backups-dup-lite/tmp/idm250_final_79118cafc933ec969680_20200904223412_archive.zip
Adding enhanced installer files to archive using ZipArchive
Installer files added to archive
Added to archive
After ziparchive close when adding installer

********************************************************************************
INTEGRITY CHECKS:
********************************************************************************
SQL FILE: 806.2KB
INSTALLER FILE: 61.31KB
ARCHIVE FILE: 48.08MB 
EXPECTED FILE/DIRECTORY COUNT: 2,936
ACTUAL FILE/DIRECTORY COUNT: 2,935
ARCHIVE CONSISTENCY TEST: Pass

********************************************************************************
RECORD ID:[1]
TOTAL PROCESS RUNTIME: 22.99 sec.
PEAK PHP MEMORY USED: 14MB
DONE PROCESSING => idm250_final September 4, 2020 10:34 pm

